#
# There is insufficient memory for the Java Runtime Environment to continue.
# Native memory allocation (malloc) failed to allocate 32744 bytes for ChunkPool::allocate
# Possible reasons:
#   The system is out of physical RAM or swap space
#   The process is running with CompressedOops enabled, and the Java Heap may be blocking the growth of the native heap
# Possible solutions:
#   Reduce memory load on the system
#   Increase physical memory or swap space
#   Check if swap backing store is full
#   Decrease Java heap size (-Xmx/-Xms)
#   Decrease number of Java threads
#   Decrease Java thread stack sizes (-Xss)
#   Set larger code cache with -XX:ReservedCodeCacheSize=
#   JVM is running with Unscaled Compressed Oops mode in which the Java heap is
#     placed in the first 4GB address space. The Java Heap base address is the
#     maximum limit for the native heap growth. Please use -XX:HeapBaseMinAddress
#     to set the Java Heap base and to place the Java Heap above 4GB virtual address.
# This output file may be truncated or incomplete.
#
#  Out of Memory Error (allocation.cpp:272), pid=24616, tid=0x00000000000025d8
#
# JRE version: Java(TM) SE Runtime Environment (8.0_231-b11) (build 1.8.0_231-b11)
# Java VM: Java HotSpot(TM) 64-Bit Server VM (25.231-b11 mixed mode windows-amd64 compressed oops)
# Failed to write core dump. Minidumps are not enabled by default on client versions of Windows
#

---------------  T H R E A D  ---------------

Current thread (0x00000000192c7800):  JavaThread "C1 CompilerThread2" daemon [_thread_in_native, id=9688, stack(0x0000000019d40000,0x0000000019e40000)]

Stack: [0x0000000019d40000,0x0000000019e40000]
[error occurred during error reporting (printing stack bounds), id 0xc0000005]

Native frames: (J=compiled Java code, j=interpreted, Vv=VM code, C=native code)


Current CompileTask:
C1:   9966 4031       1       org.springframework.asm.ClassReader::readCode (5085 bytes)


---------------  P R O C E S S  ---------------

Java Threads: ( => current thread )
  0x000000001b594800 JavaThread "RMI Scheduler(0)" daemon [_thread_blocked, id=26460, stack(0x000000001f270000,0x000000001f370000)]
  0x0000000018e6e000 JavaThread "pool-1-thread-1" [_thread_blocked, id=10188, stack(0x000000001f170000,0x000000001f270000)]
  0x00000000194e2800 JavaThread "RMI TCP Connection(1)-172.25.48.1" daemon [_thread_in_native, id=26308, stack(0x000000001d4a0000,0x000000001d5a0000)]
  0x000000001aba9000 JavaThread "HikariPool-1 connection adder" daemon [_thread_blocked, id=11080, stack(0x000000001d3a0000,0x000000001d4a0000)]
  0x000000001b048000 JavaThread "HikariPool-1 housekeeper" daemon [_thread_blocked, id=25212, stack(0x000000001d2a0000,0x000000001d3a0000)]
  0x000000001b047800 JavaThread "PostgreSQL-JDBC-SharedTimer-1" daemon [_thread_blocked, id=13324, stack(0x000000001d1a0000,0x000000001d2a0000)]
  0x000000001aef3800 JavaThread "container-0" [_thread_blocked, id=7200, stack(0x000000001cba0000,0x000000001cca0000)]
  0x000000001aef2800 JavaThread "Catalina-utility-2" [_thread_blocked, id=14416, stack(0x000000001caa0000,0x000000001cba0000)]
  0x000000001aee5800 JavaThread "Catalina-utility-1" [_thread_blocked, id=15328, stack(0x000000001b9a0000,0x000000001baa0000)]
  0x000000001953a800 JavaThread "RMI TCP Accept-0" daemon [_thread_in_native, id=8276, stack(0x000000001a280000,0x000000001a380000)]
  0x00000000192c8000 JavaThread "Service Thread" daemon [_thread_blocked, id=24024, stack(0x0000000019e40000,0x0000000019f40000)]
=>0x00000000192c7800 JavaThread "C1 CompilerThread2" daemon [_thread_in_native, id=9688, stack(0x0000000019d40000,0x0000000019e40000)]
  0x000000001926d000 JavaThread "C2 CompilerThread1" daemon [_thread_blocked, id=8988, stack(0x0000000019c40000,0x0000000019d40000)]
  0x0000000019269000 JavaThread "C2 CompilerThread0" daemon [_thread_blocked, id=20280, stack(0x0000000019b40000,0x0000000019c40000)]
  0x00000000191ec000 JavaThread "Monitor Ctrl-Break" daemon [_thread_in_native, id=24816, stack(0x0000000019a40000,0x0000000019b40000)]
  0x00000000177f1000 JavaThread "Attach Listener" daemon [_thread_blocked, id=21540, stack(0x0000000018d40000,0x0000000018e40000)]
  0x00000000177ef800 JavaThread "Signal Dispatcher" daemon [_thread_blocked, id=22428, stack(0x0000000018c40000,0x0000000018d40000)]
  0x0000000002ada800 JavaThread "Finalizer" daemon [_thread_blocked, id=26052, stack(0x0000000018a30000,0x0000000018b30000)]
  0x00000000177ca000 JavaThread "Reference Handler" daemon [_thread_blocked, id=26068, stack(0x0000000018930000,0x0000000018a30000)]
  0x00000000029e8000 JavaThread "main" [_thread_in_vm, id=23096, stack(0x00000000027e0000,0x00000000028e0000)]

Other Threads:
  0x00000000177a7000 VMThread [stack: 0x0000000018830000,0x0000000018930000] [id=3736]
  0x0000000019547000 WatcherThread [stack: 0x000000001a380000,0x000000001a480000] [id=15248]

VM state:not at safepoint (normal execution)

VM Mutex/Monitor currently owned by a thread: None

heap address: 0x0000000081e00000, size: 2018 MB, Compressed Oops mode: 32-bit
Narrow klass base: 0x0000000000000000, Narrow klass shift: 3
Compressed class space size: 1073741824 Address: 0x0000000100000000

Heap:
 PSYoungGen      total 132608K, used 83832K [0x00000000d5f80000, 0x00000000df100000, 0x0000000100000000)
  eden space 123904K, 60% used [0x00000000d5f80000,0x00000000da8def60,0x00000000dd880000)
  from space 8704K, 99% used [0x00000000de000000,0x00000000de87f1a8,0x00000000de880000)
  to   space 7168K, 0% used [0x00000000dea00000,0x00000000dea00000,0x00000000df100000)
 ParOldGen       total 70144K, used 20809K [0x0000000081e00000, 0x0000000086280000, 0x00000000d5f80000)
  object space 70144K, 29% used [0x0000000081e00000,0x0000000083252440,0x0000000086280000)
 Metaspace       used 50490K, capacity 53560K, committed 53888K, reserved 1097728K
  class space    used 7158K, capacity 7686K, committed 7808K, reserved 1048576K

Card table byte_map: [0x0000000012080000,0x0000000012480000] byte_map_base: 0x0000000011c71000

Marking Bits: (ParMarkBitMap*) 0x000000006fa06d90
 Begin Bits: [0x0000000012b30000, 0x0000000014ab8000)
 End Bits:   [0x0000000014ab8000, 0x0000000016a40000)

Polling page: 0x0000000000e30000

CodeCache: size=245760Kb used=7813Kb max_used=7813Kb free=237946Kb
 bounds [0x0000000002cc0000, 0x0000000003470000, 0x0000000011cc0000]
 total_blobs=4535 nmethods=4028 adapters=419
 compilation: enabled

Compilation events (10 events):
Event: 9.942 Thread 0x00000000192c7800 nmethod 4026 0x000000000345f750 code [0x000000000345f940, 0x000000000345fdd8]
Event: 9.952 Thread 0x00000000192c7800 4027       1       org.springframework.beans.factory.support.AbstractBeanDefinition::prepareMethodOverrides (26 bytes)
Event: 9.952 Thread 0x00000000192c7800 nmethod 4027 0x0000000003460250 code [0x00000000034603e0, 0x00000000034605c8]
Event: 9.958 Thread 0x00000000192c7800 4028       1       org.springframework.core.io.ResourceEditor::<init> (8 bytes)
Event: 9.959 Thread 0x00000000192c7800 nmethod 4028 0x0000000003460710 code [0x0000000003460880, 0x0000000003460aa8]
Event: 9.959 Thread 0x00000000192c7800 4029       1       org.springframework.core.io.ResourceEditor::<init> (26 bytes)
Event: 9.959 Thread 0x00000000192c7800 nmethod 4029 0x0000000003460bd0 code [0x0000000003460d40, 0x0000000003460f68]
Event: 9.961 Thread 0x00000000192c7800 4030       1       org.springframework.core.LocalVariableTableParameterNameDiscoverer$LocalVariableTableVisitor::visitLocalVariable (45 bytes)
Event: 9.961 Thread 0x00000000192c7800 nmethod 4030 0x0000000003461090 code [0x0000000003461200, 0x00000000034613f0]
Event: 9.961 Thread 0x00000000192c7800 4031       1       org.springframework.asm.ClassReader::readCode (5085 bytes)

GC Heap History (10 events):
Event: 4.234 GC heap before
{Heap before GC invocations=7 (full 1):
 PSYoungGen      total 71680K, used 66560K [0x00000000d5f80000, 0x00000000df280000, 0x0000000100000000)
  eden space 66560K, 100% used [0x00000000d5f80000,0x00000000da080000,0x00000000da080000)
  from space 5120K, 0% used [0x00000000da080000,0x00000000da080000,0x00000000da580000)
  to   space 8704K, 0% used [0x00000000dea00000,0x00000000dea00000,0x00000000df280000)
 ParOldGen       total 49664K, used 7819K [0x0000000081e00000, 0x0000000084e80000, 0x00000000d5f80000)
  object space 49664K, 15% used [0x0000000081e00000,0x00000000825a2e58,0x0000000084e80000)
 Metaspace       used 23923K, capacity 25118K, committed 25472K, reserved 1073152K
  class space    used 3302K, capacity 3593K, committed 3712K, reserved 1048576K
Event: 4.257 GC heap after
Heap after GC invocations=7 (full 1):
 PSYoungGen      total 131072K, used 6687K [0x00000000d5f80000, 0x00000000df100000, 0x0000000100000000)
  eden space 123904K, 0% used [0x00000000d5f80000,0x00000000d5f80000,0x00000000dd880000)
  from space 7168K, 93% used [0x00000000dea00000,0x00000000df087fd0,0x00000000df100000)
  to   space 8704K, 0% used [0x00000000de000000,0x00000000de000000,0x00000000de880000)
 ParOldGen       total 49664K, used 7827K [0x0000000081e00000, 0x0000000084e80000, 0x00000000d5f80000)
  object space 49664K, 15% used [0x0000000081e00000,0x00000000825a4e58,0x0000000084e80000)
 Metaspace       used 23923K, capacity 25118K, committed 25472K, reserved 1073152K
  class space    used 3302K, capacity 3593K, committed 3712K, reserved 1048576K
}
Event: 5.662 GC heap before
{Heap before GC invocations=8 (full 1):
 PSYoungGen      total 131072K, used 130591K [0x00000000d5f80000, 0x00000000df100000, 0x0000000100000000)
  eden space 123904K, 100% used [0x00000000d5f80000,0x00000000dd880000,0x00000000dd880000)
  from space 7168K, 93% used [0x00000000dea00000,0x00000000df087fd0,0x00000000df100000)
  to   space 8704K, 0% used [0x00000000de000000,0x00000000de000000,0x00000000de880000)
 ParOldGen       total 49664K, used 7827K [0x0000000081e00000, 0x0000000084e80000, 0x00000000d5f80000)
  object space 49664K, 15% used [0x0000000081e00000,0x00000000825a4e58,0x0000000084e80000)
 Metaspace       used 29669K, capacity 31576K, committed 31744K, reserved 1077248K
  class space    used 4119K, capacity 4484K, committed 4608K, reserved 1048576K
Event: 5.672 GC heap after
Heap after GC invocations=8 (full 1):
 PSYoungGen      total 132608K, used 8695K [0x00000000d5f80000, 0x00000000df100000, 0x0000000100000000)
  eden space 123904K, 0% used [0x00000000d5f80000,0x00000000d5f80000,0x00000000dd880000)
  from space 8704K, 99% used [0x00000000de000000,0x00000000de87df10,0x00000000de880000)
  to   space 7168K, 0% used [0x00000000dea00000,0x00000000dea00000,0x00000000df100000)
 ParOldGen       total 49664K, used 9620K [0x0000000081e00000, 0x0000000084e80000, 0x00000000d5f80000)
  object space 49664K, 19% used [0x0000000081e00000,0x00000000827653e0,0x0000000084e80000)
 Metaspace       used 29669K, capacity 31576K, committed 31744K, reserved 1077248K
  class space    used 4119K, capacity 4484K, committed 4608K, reserved 1048576K
}
Event: 7.452 GC heap before
{Heap before GC invocations=9 (full 1):
 PSYoungGen      total 132608K, used 50240K [0x00000000d5f80000, 0x00000000df100000, 0x0000000100000000)
  eden space 123904K, 33% used [0x00000000d5f80000,0x00000000d8812250,0x00000000dd880000)
  from space 8704K, 99% used [0x00000000de000000,0x00000000de87df10,0x00000000de880000)
  to   space 7168K, 0% used [0x00000000dea00000,0x00000000dea00000,0x00000000df100000)
 ParOldGen       total 49664K, used 9620K [0x0000000081e00000, 0x0000000084e80000, 0x00000000d5f80000)
  object space 49664K, 19% used [0x0000000081e00000,0x00000000827653e0,0x0000000084e80000)
 Metaspace       used 33346K, capacity 35260K, committed 35456K, reserved 1081344K
  class space    used 4539K, capacity 4906K, committed 4992K, reserved 1048576K
Event: 7.462 GC heap after
Heap after GC invocations=9 (full 1):
 PSYoungGen      total 131072K, used 7145K [0x00000000d5f80000, 0x00000000df100000, 0x0000000100000000)
  eden space 123904K, 0% used [0x00000000d5f80000,0x00000000d5f80000,0x00000000dd880000)
  from space 7168K, 99% used [0x00000000dea00000,0x00000000df0fa530,0x00000000df100000)
  to   space 8704K, 0% used [0x00000000de000000,0x00000000de000000,0x00000000de880000)
 ParOldGen       total 49664K, used 12679K [0x0000000081e00000, 0x0000000084e80000, 0x00000000d5f80000)
  object space 49664K, 25% used [0x0000000081e00000,0x0000000082a61dd0,0x0000000084e80000)
 Metaspace       used 33346K, capacity 35260K, committed 35456K, reserved 1081344K
  class space    used 4539K, capacity 4906K, committed 4992K, reserved 1048576K
}
Event: 7.462 GC heap before
{Heap before GC invocations=10 (full 2):
 PSYoungGen      total 131072K, used 7145K [0x00000000d5f80000, 0x00000000df100000, 0x0000000100000000)
  eden space 123904K, 0% used [0x00000000d5f80000,0x00000000d5f80000,0x00000000dd880000)
  from space 7168K, 99% used [0x00000000dea00000,0x00000000df0fa530,0x00000000df100000)
  to   space 8704K, 0% used [0x00000000de000000,0x00000000de000000,0x00000000de880000)
 ParOldGen       total 49664K, used 12679K [0x0000000081e00000, 0x0000000084e80000, 0x00000000d5f80000)
  object space 49664K, 25% used [0x0000000081e00000,0x0000000082a61dd0,0x0000000084e80000)
 Metaspace       used 33346K, capacity 35260K, committed 35456K, reserved 1081344K
  class space    used 4539K, capacity 4906K, committed 4992K, reserved 1048576K
Event: 7.527 GC heap after
Heap after GC invocations=10 (full 2):
 PSYoungGen      total 131072K, used 0K [0x00000000d5f80000, 0x00000000df100000, 0x0000000100000000)
  eden space 123904K, 0% used [0x00000000d5f80000,0x00000000d5f80000,0x00000000dd880000)
  from space 7168K, 0% used [0x00000000dea00000,0x00000000dea00000,0x00000000df100000)
  to   space 8704K, 0% used [0x00000000de000000,0x00000000de000000,0x00000000de880000)
 ParOldGen       total 70144K, used 15468K [0x0000000081e00000, 0x0000000086280000, 0x00000000d5f80000)
  object space 70144K, 22% used [0x0000000081e00000,0x0000000082d1b2c8,0x0000000086280000)
 Metaspace       used 33346K, capacity 35260K, committed 35456K, reserved 1081344K
  class space    used 4539K, capacity 4906K, committed 4992K, reserved 1048576K
}
Event: 9.239 GC heap before
{Heap before GC invocations=11 (full 2):
 PSYoungGen      total 131072K, used 123904K [0x00000000d5f80000, 0x00000000df100000, 0x0000000100000000)
  eden space 123904K, 100% used [0x00000000d5f80000,0x00000000dd880000,0x00000000dd880000)
  from space 7168K, 0% used [0x00000000dea00000,0x00000000dea00000,0x00000000df100000)
  to   space 8704K, 0% used [0x00000000de000000,0x00000000de000000,0x00000000de880000)
 ParOldGen       total 70144K, used 15468K [0x0000000081e00000, 0x0000000086280000, 0x00000000d5f80000)
  object space 70144K, 22% used [0x0000000081e00000,0x0000000082d1b2c8,0x0000000086280000)
 Metaspace       used 45787K, capacity 47970K, committed 48384K, reserved 1091584K
  class space    used 6420K, capacity 6845K, committed 6912K, reserved 1048576K
Event: 9.250 GC heap after
Heap after GC invocations=11 (full 2):
 PSYoungGen      total 132608K, used 8700K [0x00000000d5f80000, 0x00000000df100000, 0x0000000100000000)
  eden space 123904K, 0% used [0x00000000d5f80000,0x00000000d5f80000,0x00000000dd880000)
  from space 8704K, 99% used [0x00000000de000000,0x00000000de87f1a8,0x00000000de880000)
  to   space 7168K, 0% used [0x00000000dea00000,0x00000000dea00000,0x00000000df100000)
 ParOldGen       total 70144K, used 20809K [0x0000000081e00000, 0x0000000086280000, 0x00000000d5f80000)
  object space 70144K, 29% used [0x0000000081e00000,0x0000000083252440,0x0000000086280000)
 Metaspace       used 45787K, capacity 47970K, committed 48384K, reserved 1091584K
  class space    used 6420K, capacity 6845K, committed 6912K, reserved 1048576K
}

Deoptimization events (0 events):
No events

Classes redefined (0 events):
No events

Internal exceptions (10 events):
Event: 9.777 Thread 0x00000000029e8000 Exception <a 'java/lang/ArrayIndexOutOfBoundsException'> (0x00000000d9613150) thrown at [C:\re\workspace\8-2-build-windows-amd64-cygwin\jdk8u231\13620\hotspot\src\share\vm\runtime\sharedRuntime.cpp, line 605]
Event: 9.777 Thread 0x00000000029e8000 Exception <a 'java/lang/ArrayIndexOutOfBoundsException'> (0x00000000d96140a8) thrown at [C:\re\workspace\8-2-build-windows-amd64-cygwin\jdk8u231\13620\hotspot\src\share\vm\runtime\sharedRuntime.cpp, line 605]
Event: 9.777 Thread 0x00000000029e8000 Exception <a 'java/lang/ArrayIndexOutOfBoundsException'> (0x00000000d96156d8) thrown at [C:\re\workspace\8-2-build-windows-amd64-cygwin\jdk8u231\13620\hotspot\src\share\vm\runtime\sharedRuntime.cpp, line 605]
Event: 9.777 Thread 0x00000000029e8000 Exception <a 'java/lang/ArrayIndexOutOfBoundsException'> (0x00000000d9617300) thrown at [C:\re\workspace\8-2-build-windows-amd64-cygwin\jdk8u231\13620\hotspot\src\share\vm\runtime\sharedRuntime.cpp, line 605]
Event: 9.777 Thread 0x00000000029e8000 Exception <a 'java/lang/ArrayIndexOutOfBoundsException'> (0x00000000d9618258) thrown at [C:\re\workspace\8-2-build-windows-amd64-cygwin\jdk8u231\13620\hotspot\src\share\vm\runtime\sharedRuntime.cpp, line 605]
Event: 9.777 Thread 0x00000000029e8000 Exception <a 'java/lang/ArrayIndexOutOfBoundsException'> (0x00000000d96197c8) thrown at [C:\re\workspace\8-2-build-windows-amd64-cygwin\jdk8u231\13620\hotspot\src\share\vm\runtime\sharedRuntime.cpp, line 605]
Event: 9.823 Thread 0x00000000029e8000 Exception <a 'java/lang/IncompatibleClassChangeError': Found class java.lang.Object, but interface was expected> (0x00000000d9a93708) thrown at [C:\re\workspace\8-2-build-windows-amd64-cygwin\jdk8u231\13620\hotspot\src\share\vm\interpreter\linkResolver.cp
Event: 9.924 Thread 0x00000000029e8000 Exception <a 'java/lang/ArrayIndexOutOfBoundsException'> (0x00000000da2ca758) thrown at [C:\re\workspace\8-2-build-windows-amd64-cygwin\jdk8u231\13620\hotspot\src\share\vm\runtime\sharedRuntime.cpp, line 605]
Event: 9.928 Thread 0x00000000029e8000 Exception <a 'java/lang/ArrayIndexOutOfBoundsException'> (0x00000000da2f15d0) thrown at [C:\re\workspace\8-2-build-windows-amd64-cygwin\jdk8u231\13620\hotspot\src\share\vm\runtime\sharedRuntime.cpp, line 605]
Event: 9.929 Thread 0x00000000029e8000 Exception <a 'java/lang/ArrayIndexOutOfBoundsException'> (0x00000000da2f64c0) thrown at [C:\re\workspace\8-2-build-windows-amd64-cygwin\jdk8u231\13620\hotspot\src\share\vm\runtime\sharedRuntime.cpp, line 605]

Events (10 events):
Event: 9.963 loading class org/joda/time/LocalDate
Event: 9.963 loading class org/joda/time/LocalDate done
Event: 9.963 loading class org/joda/time$LocalDate
Event: 9.963 loading class org/joda/time$LocalDate done
Event: 9.963 loading class org/springframework/data/convert/Jsr310Converters
Event: 9.963 loading class org/springframework/data/convert/Jsr310Converters done
Event: 9.964 loading class org/springframework/data/convert/Jsr310Converters$DateToLocalDateTimeConverter
Event: 9.964 loading class org/springframework/data/convert/Jsr310Converters$DateToLocalDateTimeConverter done
Event: 9.964 loading class org/springframework/data/convert/Jsr310Converters$LocalDateTimeToDateConverter
Event: 9.964 loading class org/springframework/data/convert/Jsr310Converters$LocalDateTimeToDateConverter done


Dynamic libraries:
0x00007ff7f4710000 - 0x00007ff7f4747000 	C:\Program Files\Java\jdk1.8.0_231\bin\java.exe
0x00007fffa6f30000 - 0x00007fffa7126000 	C:\WINDOWS\SYSTEM32\ntdll.dll
0x00007fff8b730000 - 0x00007fff8b742000 	C:\Program Files\AVAST Software\Avast\aswhook.dll
0x00007fffa68c0000 - 0x00007fffa697d000 	C:\WINDOWS\System32\KERNEL32.DLL
0x00007fffa49b0000 - 0x00007fffa4c79000 	C:\WINDOWS\System32\KERNELBASE.dll
0x00007fffa5b50000 - 0x00007fffa5bfc000 	C:\WINDOWS\System32\ADVAPI32.dll
0x00007fffa54e0000 - 0x00007fffa557e000 	C:\WINDOWS\System32\msvcrt.dll
0x00007fffa58a0000 - 0x00007fffa593c000 	C:\WINDOWS\System32\sechost.dll
0x00007fffa6400000 - 0x00007fffa652b000 	C:\WINDOWS\System32\RPCRT4.dll
0x00007fffa59b0000 - 0x00007fffa5b50000 	C:\WINDOWS\System32\USER32.dll
0x00007fffa4ee0000 - 0x00007fffa4f02000 	C:\WINDOWS\System32\win32u.dll
0x00007fffa5580000 - 0x00007fffa55aa000 	C:\WINDOWS\System32\GDI32.dll
0x00007fffa46a0000 - 0x00007fffa47a9000 	C:\WINDOWS\System32\gdi32full.dll
0x00007fffa4860000 - 0x00007fffa48fd000 	C:\WINDOWS\System32\msvcp_win.dll
0x00007fffa4c80000 - 0x00007fffa4d80000 	C:\WINDOWS\System32\ucrtbase.dll
0x00007fff8f3e0000 - 0x00007fff8f67b000 	C:\WINDOWS\WinSxS\amd64_microsoft.windows.common-controls_6595b64144ccf1df_6.0.19041.488_none_ca04af081b815d21\COMCTL32.dll
0x00007fffa6530000 - 0x00007fffa6560000 	C:\WINDOWS\System32\IMM32.DLL
0x0000000071270000 - 0x0000000071342000 	C:\Program Files\Java\jdk1.8.0_231\jre\bin\msvcr100.dll
0x000000006f1e0000 - 0x000000006fa86000 	C:\Program Files\Java\jdk1.8.0_231\jre\bin\server\jvm.dll
0x00007fffa63f0000 - 0x00007fffa63f8000 	C:\WINDOWS\System32\PSAPI.DLL
0x00007fff8ed40000 - 0x00007fff8ed49000 	C:\WINDOWS\SYSTEM32\WSOCK32.dll
0x00007fffa5940000 - 0x00007fffa59ab000 	C:\WINDOWS\System32\WS2_32.dll
0x00007fff90d40000 - 0x00007fff90d67000 	C:\WINDOWS\SYSTEM32\WINMM.dll
0x00007fff9aed0000 - 0x00007fff9aeda000 	C:\WINDOWS\SYSTEM32\VERSION.dll
0x00007fff95b00000 - 0x00007fff95b0f000 	C:\Program Files\Java\jdk1.8.0_231\jre\bin\verify.dll
0x00007fff8ac50000 - 0x00007fff8ac79000 	C:\Program Files\Java\jdk1.8.0_231\jre\bin\java.dll
0x00007fff90980000 - 0x00007fff909a3000 	C:\Program Files\Java\jdk1.8.0_231\jre\bin\instrument.dll
0x00007fff90f00000 - 0x00007fff90f16000 	C:\Program Files\Java\jdk1.8.0_231\jre\bin\zip.dll
0x00007fffa5c00000 - 0x00007fffa6342000 	C:\WINDOWS\System32\SHELL32.dll
0x00007fffa2760000 - 0x00007fffa2ef5000 	C:\WINDOWS\SYSTEM32\windows.storage.dll
0x00007fffa6560000 - 0x00007fffa68b6000 	C:\WINDOWS\System32\combase.dll
0x00007fffa40e0000 - 0x00007fffa410c000 	C:\WINDOWS\SYSTEM32\Wldp.dll
0x00007fffa5790000 - 0x00007fffa583e000 	C:\WINDOWS\System32\SHCORE.dll
0x00007fffa6980000 - 0x00007fffa69d5000 	C:\WINDOWS\System32\shlwapi.dll
0x00007fffa45a0000 - 0x00007fffa45c6000 	C:\WINDOWS\SYSTEM32\profapi.dll
0x00007fff90840000 - 0x00007fff9085a000 	C:\Program Files\JetBrains\IntelliJ IDEA 2019.1\bin\breakgen64.dll
0x00007fff90a00000 - 0x00007fff90a1a000 	C:\Program Files\Java\jdk1.8.0_231\jre\bin\net.dll
0x00007fffa3e60000 - 0x00007fffa3eca000 	C:\WINDOWS\system32\mswsock.dll
0x00007fffa3b00000 - 0x00007fffa3bcb000 	C:\WINDOWS\SYSTEM32\DNSAPI.dll
0x00007fffa3ab0000 - 0x00007fffa3aeb000 	C:\WINDOWS\SYSTEM32\IPHLPAPI.DLL
0x00007fffa6350000 - 0x00007fffa6358000 	C:\WINDOWS\System32\NSI.dll
0x00007fff9a180000 - 0x00007fff9a18a000 	C:\Windows\System32\rasadhlp.dll
0x00007fff9a1a0000 - 0x00007fff9a21f000 	C:\WINDOWS\System32\fwpuclnt.dll
0x00007fffa4670000 - 0x00007fffa4697000 	C:\WINDOWS\System32\bcrypt.dll
0x00007fff9ecb0000 - 0x00007fff9ecbd000 	C:\Program Files\Java\jdk1.8.0_231\jre\bin\management.dll
0x00007fff90930000 - 0x00007fff90942000 	C:\Program Files\Java\jdk1.8.0_231\jre\bin\nio.dll
0x00007fffa4030000 - 0x00007fffa4048000 	C:\WINDOWS\SYSTEM32\CRYPTSP.dll
0x00007fffa36e0000 - 0x00007fffa3714000 	C:\WINDOWS\system32\rsaenh.dll
0x00007fffa4520000 - 0x00007fffa454e000 	C:\WINDOWS\SYSTEM32\USERENV.dll
0x00007fffa4f10000 - 0x00007fffa4f90000 	C:\WINDOWS\System32\bcryptprimitives.dll
0x00007fffa4050000 - 0x00007fffa405c000 	C:\WINDOWS\SYSTEM32\CRYPTBASE.dll
0x00007fff9b2b0000 - 0x00007fff9b2c7000 	C:\WINDOWS\SYSTEM32\dhcpcsvc6.DLL
0x00007fff9b210000 - 0x00007fff9b22d000 	C:\WINDOWS\SYSTEM32\dhcpcsvc.DLL
0x00007fff88f60000 - 0x00007fff88f77000 	C:\WINDOWS\system32\napinsp.dll
0x00007fff88f40000 - 0x00007fff88f5b000 	C:\WINDOWS\system32\pnrpnsp.dll
0x00007fff9f1d0000 - 0x00007fff9f1e5000 	C:\WINDOWS\system32\wshbth.dll
0x00007fffa0050000 - 0x00007fffa006d000 	C:\WINDOWS\system32\NLAapi.dll
0x00007fff88ae0000 - 0x00007fff88af2000 	C:\WINDOWS\System32\winrnr.dll
0x00007fff8b320000 - 0x00007fff8b344000 	C:\Program Files\Java\jdk1.8.0_231\jre\bin\sunec.dll

VM Arguments:
jvm_args: -XX:TieredStopAtLevel=1 -Xverify:none -Dspring.output.ansi.enabled=always -Dcom.sun.management.jmxremote -Dspring.liveBeansView.mbeanDomain -Dspring.application.admin.enabled=true -javaagent:C:\Program Files\JetBrains\IntelliJ IDEA 2019.1\lib\idea_rt.jar=9249:C:\Program Files\JetBrains\IntelliJ IDEA 2019.1\bin -Dfile.encoding=UTF-8 
java_command: com.example.soulmate.SoulmateApplication
java_class_path (initial): C:\Program Files\Java\jdk1.8.0_231\jre\lib\charsets.jar;C:\Program Files\Java\jdk1.8.0_231\jre\lib\deploy.jar;C:\Program Files\Java\jdk1.8.0_231\jre\lib\ext\access-bridge-64.jar;C:\Program Files\Java\jdk1.8.0_231\jre\lib\ext\cldrdata.jar;C:\Program Files\Java\jdk1.8.0_231\jre\lib\ext\dnsns.jar;C:\Program Files\Java\jdk1.8.0_231\jre\lib\ext\jaccess.jar;C:\Program Files\Java\jdk1.8.0_231\jre\lib\ext\jfxrt.jar;C:\Program Files\Java\jdk1.8.0_231\jre\lib\ext\localedata.jar;C:\Program Files\Java\jdk1.8.0_231\jre\lib\ext\nashorn.jar;C:\Program Files\Java\jdk1.8.0_231\jre\lib\ext\sunec.jar;C:\Program Files\Java\jdk1.8.0_231\jre\lib\ext\sunjce_provider.jar;C:\Program Files\Java\jdk1.8.0_231\jre\lib\ext\sunmscapi.jar;C:\Program Files\Java\jdk1.8.0_231\jre\lib\ext\sunpkcs11.jar;C:\Program Files\Java\jdk1.8.0_231\jre\lib\ext\zipfs.jar;C:\Program Files\Java\jdk1.8.0_231\jre\lib\javaws.jar;C:\Program Files\Java\jdk1.8.0_231\jre\lib\jce.jar;C:\Program Files\Java\jdk1.8.0_231\jre\lib\jfr.jar;C:\Program Files\Java\jdk1.8.0_231\jre\lib\jfxswt.jar;C:\Program Files\Java\jdk1.8.0_231\jre\lib\jsse.jar;C:\Program Files\Java\jdk1.8.0_231\jre\lib\management-agent.jar;C:\Program Files\Java\jdk1.8.0_231\jre\lib\plugin.jar;C:\Program Files\Java\jdk1.8.0_231\jre\lib\resources.jar;C:\Program Files\Java\jdk1.8.0_231\jre\lib\rt.jar;C:\Users\User\Desktop\java-docker-master\soulmate\target\classes;C:\Users\User\.m2\repository\org\springframework\boot\spring-boot-starter-data-jdbc\2.4.1\spring-boot-starter-data-jdbc-2.4.1.jar;C:\Users\User\.m2\repository\org\springframework\boot\spring-boot-starter-jdbc\2.4.1\spring-boot-starter-jdbc-2.4.1.jar;C:\Users\User\.m2\repository\com\zaxxer\HikariCP\3.4.5\HikariCP-3.4.5.jar;C:\Users\User\.m2\repository\org\springframework\spring-jdbc\5.3.2\spring-jdbc-5.3.2.jar;C:\Users\User\.m2\repository\org\springframework\data\spring-data-jdbc\2.1.2\spring-data-jdbc-2.1.2.jar;C:\Users\User\.m2\repository\org\springframework\data\spring-data-r
Launcher Type: SUN_STANDARD

Environment Variables:
JAVA_HOME=C:\Program Files\Java\jdk-11.0.1
PATH=C:\ProgramData\Oracle\Java\javapath;C:\Windows\system32;C:\Windows;C:\Windows\System32\Wbem;C:\Windows\System32\WindowsPowerShell\v1.0\;C:\WINDOWS\system32;C:\WINDOWS;C:\WINDOWS\System32\Wbem;C:\WINDOWS\System32\WindowsPowerShell\v1.0\;C:\Program Files (x86)\GtkSharp\2.12\bin;C:\Program Files\dotnet\;C:\WINDOWS\System32\OpenSSH\;C:\Program Files\NVIDIA Corporation\NVIDIA NvDLISR;C:\Program Files\Java\jdk-11.0.1\bin;C:\Program Files\Git\cmd;C:\Program Files\apache-maven-3.6.2-bin\apache-maven-3.6.2\\bin;C:\Program Files (x86)\Yarn\bin\;C:\Program Files\nodejs\;C:\Program Files (x86)\NVIDIA Corporation\PhysX\Common;C:\Gradle\gradle-6.7\bin;C:\Program Files\Docker\Docker\resources\bin;C:\ProgramData\DockerDesktop\version-bin;C:\Program Files\erl-23.1\bin;C:\Program Files\Handle;;%SystemRoot%\system32;%SystemRoot%;%SystemRoot%\System32\Wbem;%SYSTEMROOT%\System32\WindowsPowerShell\v1.0\;%SYSTEMROOT%\System32\OpenSSH\;C:\Users\User\AppData\Local\Yarn\bin;C:\Users\User\AppData\Roaming\npm;C:\Program Files\apache-maven-3.6.3-bin\apache-maven-3.6.3\bin;C:\Gradle\gradle-6.7\bin;C:\Program Files\heroku\bin;C:\Program Files\erl-23.1\bin;C:\Program Files\Handle;;%USERPROFILE%\AppData\Local\Microsoft\WindowsApps
USERNAME=User
OS=Windows_NT
PROCESSOR_IDENTIFIER=Intel64 Family 6 Model 158 Stepping 9, GenuineIntel



---------------  S Y S T E M  ---------------

OS: Windows 10.0 , 64 bit Build 19041 (10.0.19041.662)

CPU:total 4 (initial active 4) (4 cores per cpu, 1 threads per core) family 6 model 158 stepping 9, cmov, cx8, fxsr, mmx, sse, sse2, sse3, ssse3, sse4.1, sse4.2, popcnt, avx, avx2, aes, clmul, erms, 3dnowpref, lzcnt, tsc, tscinvbit, bmi1, bmi2, adx

Memory: 4k page, physical 8260684k(485032k free), swap 17525836k(3152k free)

vm_info: Java HotSpot(TM) 64-Bit Server VM (25.231-b11) for windows-amd64 JRE (1.8.0_231-b11), built on Oct  5 2019 03:11:30 by "java_re" with MS VC++ 10.0 (VS2010)

time: Wed Jan 13 18:49:20 2021
timezone: Финляндия (зима)
elapsed time: 9 seconds (0d 0h 0m 9s)

